0 info it worked if it ends with ok
1 verbose cli [ 'node', '/usr/local/bin/npm', 'install', '-g', 'forever' ]
2 info using npm@2.11.3
3 info using node@v0.12.7
4 verbose install initial load of /usr/local/lib/package.json
5 verbose readDependencies loading dependencies from /usr/local/lib/package.json
6 silly cache add args [ 'forever', null ]
7 verbose cache add spec forever
8 silly cache add parsed spec { raw: 'forever',
8 silly cache add   scope: null,
8 silly cache add   name: 'forever',
8 silly cache add   rawSpec: '',
8 silly cache add   spec: '*',
8 silly cache add   type: 'range' }
9 silly addNamed forever@*
10 verbose addNamed "*" is a valid semver range for forever
11 silly addNameRange { name: 'forever', range: '*', hasData: false }
12 silly mapToRegistry name forever
13 silly mapToRegistry using default registry
14 silly mapToRegistry registry https://registry.npmjs.org/
15 silly mapToRegistry uri https://registry.npmjs.org/forever
16 verbose addNameRange registry:https://registry.npmjs.org/forever not in flight; fetching
17 verbose request uri https://registry.npmjs.org/forever
18 verbose request no auth needed
19 info attempt registry request try #1 at 3:19:01 PM
20 verbose request id c0457e827fbe9c6c
21 http request GET https://registry.npmjs.org/forever
22 http 200 https://registry.npmjs.org/forever
23 silly get cb [ 200,
23 silly get   { server: 'CouchDB/1.5.0 (Erlang OTP/R16B03)',
23 silly get     etag: '"AVXL0TYO1VHFJZSTNX0ZCWG0G"',
23 silly get     'content-type': 'application/json',
23 silly get     'cache-control': 'max-age=60',
23 silly get     'content-length': '82004',
23 silly get     'accept-ranges': 'bytes',
23 silly get     date: 'Fri, 07 Aug 2015 22:19:01 GMT',
23 silly get     via: '1.1 varnish',
23 silly get     age: '51',
23 silly get     connection: 'keep-alive',
23 silly get     'x-served-by': 'cache-lax1435-LAX',
23 silly get     'x-cache': 'HIT',
23 silly get     'x-cache-hits': '1',
23 silly get     'x-timer': 'S1438985941.289009,VS0,VE0',
23 silly get     vary: 'Accept' } ]
24 verbose get saving forever to /Users/macdoni/.npm/registry.npmjs.org/forever/.cache.json
25 silly addNameRange number 2 { name: 'forever', range: '*', hasData: true }
26 silly addNameRange versions [ 'forever',
26 silly addNameRange   [ '0.6.0',
26 silly addNameRange     '0.6.1',
26 silly addNameRange     '0.6.2',
26 silly addNameRange     '0.6.3',
26 silly addNameRange     '0.6.4',
26 silly addNameRange     '0.6.5',
26 silly addNameRange     '0.6.6',
26 silly addNameRange     '0.6.7',
26 silly addNameRange     '0.6.8',
26 silly addNameRange     '0.6.9',
26 silly addNameRange     '0.7.0',
26 silly addNameRange     '0.7.1',
26 silly addNameRange     '0.7.2',
26 silly addNameRange     '0.7.3',
26 silly addNameRange     '0.7.4',
26 silly addNameRange     '0.7.5',
26 silly addNameRange     '0.8.0',
26 silly addNameRange     '0.8.1',
26 silly addNameRange     '0.8.2',
26 silly addNameRange     '0.8.3',
26 silly addNameRange     '0.8.4',
26 silly addNameRange     '0.8.5',
26 silly addNameRange     '0.9.0',
26 silly addNameRange     '0.9.1',
26 silly addNameRange     '0.9.2',
26 silly addNameRange     '0.10.0',
26 silly addNameRange     '0.10.5',
26 silly addNameRange     '0.10.6',
26 silly addNameRange     '0.10.7',
26 silly addNameRange     '0.10.8',
26 silly addNameRange     '0.10.9',
26 silly addNameRange     '0.10.10',
26 silly addNameRange     '0.10.11',
26 silly addNameRange     '0.11.0',
26 silly addNameRange     '0.11.1',
26 silly addNameRange     '0.12.0',
26 silly addNameRange     '0.13.0',
26 silly addNameRange     '0.14.1',
26 silly addNameRange     '0.14.2',
26 silly addNameRange     '0.15.0',
26 silly addNameRange     '0.15.1' ] ]
27 silly addNamed forever@0.15.1
28 verbose addNamed "0.15.1" is a plain semver version for forever
29 silly mapToRegistry name forever
30 silly mapToRegistry using default registry
31 silly mapToRegistry registry https://registry.npmjs.org/
32 silly mapToRegistry uri https://registry.npmjs.org/forever
33 verbose addRemoteTarball https://registry.npmjs.org/forever/-/forever-0.15.1.tgz not in flight; adding
34 verbose addRemoteTarball [ 'https://registry.npmjs.org/forever/-/forever-0.15.1.tgz',
34 verbose addRemoteTarball   '5e4e3d4ef946bef88ddcb9cc7412e478ad19e04e' ]
35 info retry fetch attempt 1 at 3:19:01 PM
36 info attempt registry request try #1 at 3:19:01 PM
37 http fetch GET https://registry.npmjs.org/forever/-/forever-0.15.1.tgz
38 http fetch 200 https://registry.npmjs.org/forever/-/forever-0.15.1.tgz
39 silly fetchAndShaCheck shasum 5e4e3d4ef946bef88ddcb9cc7412e478ad19e04e
40 verbose addTmpTarball /var/folders/5g/pfk2gm794px5hpn4phv2yt000000gp/T/npm-34201-2e162a9a/registry.npmjs.org/forever/-/forever-0.15.1.tgz not in flight; adding
41 verbose addTmpTarball already have metadata; skipping unpack for forever@0.15.1
42 silly cache afterAdd forever@0.15.1
43 verbose afterAdd /Users/macdoni/.npm/forever/0.15.1/package/package.json not in flight; writing
44 verbose afterAdd /Users/macdoni/.npm/forever/0.15.1/package/package.json written
45 silly install resolved [ { name: 'forever',
45 silly install resolved     preferGlobal: 'true',
45 silly install resolved     description: 'A simple CLI tool for ensuring that a given node script runs continuously (i.e. forever)',
45 silly install resolved     version: '0.15.1',
45 silly install resolved     author: { name: 'Charlie Robbins', email: 'charlie.robbins@gmail.com' },
45 silly install resolved     maintainers: [ [Object], [Object], [Object], [Object], [Object] ],
45 silly install resolved     repository: { type: 'git', url: 'http://github.com/nodejitsu/forever.git' },
45 silly install resolved     keywords: [ 'cli', 'fault tolerant', 'sysadmin', 'tools' ],
45 silly install resolved     dependencies:
45 silly install resolved      { cliff: '~0.1.9',
45 silly install resolved        clone: '^1.0.2',
45 silly install resolved        colors: '~0.6.2',
45 silly install resolved        flatiron: '~0.4.2',
45 silly install resolved        'forever-monitor': '~1.6.0',
45 silly install resolved        nconf: '~0.6.9',
45 silly install resolved        nssocket: '~0.5.1',
45 silly install resolved        'object-assign': '^3.0.0',
45 silly install resolved        optimist: '~0.6.0',
45 silly install resolved        'path-is-absolute': '~1.0.0',
45 silly install resolved        prettyjson: '^1.1.2',
45 silly install resolved        shush: '^1.0.0',
45 silly install resolved        timespan: '~2.3.0',
45 silly install resolved        utile: '~0.2.1',
45 silly install resolved        winston: '~0.8.1' },
45 silly install resolved     devDependencies:
45 silly install resolved      { broadway: '~0.3.6',
45 silly install resolved        eventemitter2: '0.4.x',
45 silly install resolved        request: '2.x.x',
45 silly install resolved        vows: '0.7.x' },
45 silly install resolved     bin: { forever: './bin/forever' },
45 silly install resolved     main: './lib/forever',
45 silly install resolved     scripts: { test: 'vows test/**/*-test.js --spec -i' },
45 silly install resolved     engines: { node: '>= 0.8.x' },
45 silly install resolved     license: 'MIT',
45 silly install resolved     gitHead: '6c157fafe909eb555b9e73028338377b05d51f51',
45 silly install resolved     bugs: { url: 'https://github.com/nodejitsu/forever/issues' },
45 silly install resolved     homepage: 'https://github.com/nodejitsu/forever',
45 silly install resolved     _id: 'forever@0.15.1',
45 silly install resolved     _shasum: '5e4e3d4ef946bef88ddcb9cc7412e478ad19e04e',
45 silly install resolved     _from: 'forever@*',
45 silly install resolved     _npmVersion: '2.6.1',
45 silly install resolved     _nodeVersion: '0.10.40',
45 silly install resolved     _npmUser: { name: 'indexzero', email: 'charlie.robbins@gmail.com' },
45 silly install resolved     dist:
45 silly install resolved      { shasum: '5e4e3d4ef946bef88ddcb9cc7412e478ad19e04e',
45 silly install resolved        tarball: 'http://registry.npmjs.org/forever/-/forever-0.15.1.tgz' },
45 silly install resolved     directories: {},
45 silly install resolved     _resolved: 'https://registry.npmjs.org/forever/-/forever-0.15.1.tgz' } ]
46 info install forever@0.15.1 into /usr/local/lib
47 info installOne forever@0.15.1
48 verbose installOne of forever to /usr/local/lib not in flight; installing
49 verbose lock using /Users/macdoni/.npm/_locks/forever-ae9c3f2b6cc23ec5.lock for /usr/local/lib/node_modules/forever
50 silly install write writing forever 0.15.1 to /usr/local/lib/node_modules/forever
51 verbose unbuild lib/node_modules/forever
52 silly gentlyRm /usr/local/lib/node_modules/forever is being purged from base /usr/local
53 verbose gentlyRm don't care about contents; nuking /usr/local/lib/node_modules/forever
54 verbose tar unpack /Users/macdoni/.npm/forever/0.15.1/package.tgz
55 verbose tar unpacking to /usr/local/lib/node_modules/forever
56 silly gentlyRm /usr/local/lib/node_modules/forever is being purged
57 verbose gentlyRm don't care about contents; nuking /usr/local/lib/node_modules/forever
58 silly gunzTarPerm modes [ '755', '644' ]
59 error tar.unpack untar error /Users/macdoni/.npm/forever/0.15.1/package.tgz
60 verbose unlock done using /Users/macdoni/.npm/_locks/forever-ae9c3f2b6cc23ec5.lock for /usr/local/lib/node_modules/forever
61 verbose fstream_path /usr/local/lib/node_modules/forever
62 verbose fstream_type Directory
63 verbose fstream_class DirWriter
64 verbose stack Error: EACCES, mkdir '/usr/local/lib/node_modules/forever'
64 verbose stack     at Error (native)
65 verbose fstream_stack /usr/local/lib/node_modules/npm/node_modules/fstream/lib/dir-writer.js:35:25
65 verbose fstream_stack /usr/local/lib/node_modules/npm/node_modules/mkdirp/index.js:47:53
65 verbose fstream_stack FSReqWrap.oncomplete (fs.js:95:15)
66 verbose cwd /Users/macdoni/code/a-bridgeapp
67 error Darwin 14.4.0
68 error argv "node" "/usr/local/bin/npm" "install" "-g" "forever"
69 error node v0.12.7
70 error npm  v2.11.3
71 error path /usr/local/lib/node_modules/forever
72 error code EACCES
73 error errno -13
74 error Error: EACCES, mkdir '/usr/local/lib/node_modules/forever'
74 error     at Error (native)
74 error  { [Error: EACCES, mkdir '/usr/local/lib/node_modules/forever']
74 error   errno: -13,
74 error   code: 'EACCES',
74 error   path: '/usr/local/lib/node_modules/forever',
74 error   fstream_type: 'Directory',
74 error   fstream_path: '/usr/local/lib/node_modules/forever',
74 error   fstream_class: 'DirWriter',
74 error   fstream_stack:
74 error    [ '/usr/local/lib/node_modules/npm/node_modules/fstream/lib/dir-writer.js:35:25',
74 error      '/usr/local/lib/node_modules/npm/node_modules/mkdirp/index.js:47:53',
74 error      'FSReqWrap.oncomplete (fs.js:95:15)' ] }
75 error Please try running this command again as root/Administrator.
76 verbose exit [ -13, true ]
77 verbose unbuild lib/node_modules/forever
78 silly gentlyRm /usr/local/lib/node_modules/forever is being purged from base /usr/local
79 verbose gentlyRm don't care about contents; nuking /usr/local/lib/node_modules/forever
