{"level":"info","message":"MYSQL connection error: ECONNREFUSED","timestamp":"2015-08-12T17:14:43.086Z"}
{"level":"info","message":"MYSQL connection error fatal?: true","timestamp":"2015-08-12T17:14:43.089Z"}
{"level":"info","message":"MYSQL connection error: ECONNREFUSED","timestamp":"2015-08-12T17:14:43.903Z"}
{"level":"info","message":"MYSQL connection error fatal?: true","timestamp":"2015-08-12T17:14:43.904Z"}
{"level":"info","message":"MYSQL connection error: ETIMEDOUT","timestamp":"2015-08-12T17:14:44.064Z"}
{"level":"info","message":"MYSQL connection error fatal?: true","timestamp":"2015-08-12T17:14:44.065Z"}
{"level":"info","message":"MYSQL connection error: ETIMEDOUT","timestamp":"2015-08-12T17:14:45.566Z"}
{"level":"info","message":"MYSQL connection error fatal?: true","timestamp":"2015-08-12T17:14:45.567Z"}
{"level":"info","message":"MYSQL connection error: ECONNREFUSED","timestamp":"2015-08-12T17:31:46.293Z"}
{"level":"info","message":"MYSQL connection error fatal?: true","timestamp":"2015-08-12T17:31:46.296Z"}
{"level":"info","message":"MYSQL connection error: ECONNREFUSED","timestamp":"2015-08-12T17:31:47.256Z"}
{"level":"info","message":"MYSQL connection error fatal?: true","timestamp":"2015-08-12T17:31:47.257Z"}
{"level":"info","message":"MYSQL connection error: ECONNREFUSED","timestamp":"2015-08-12T17:31:48.276Z"}
{"level":"info","message":"MYSQL connection error fatal?: true","timestamp":"2015-08-12T17:31:48.277Z"}
{"level":"info","message":"MYSQL connection error: ETIMEDOUT","timestamp":"2015-08-12T17:31:54.631Z"}
{"level":"info","message":"MYSQL connection error fatal?: true","timestamp":"2015-08-12T17:31:54.631Z"}
{"level":"info","message":"MYSQL connection error: ETIMEDOUT","timestamp":"2015-08-12T17:34:00.101Z"}
{"level":"info","message":"MYSQL connection error fatal?: true","timestamp":"2015-08-12T17:34:00.105Z"}
{"level":"info","message":"MYSQL connection error: ETIMEDOUT","timestamp":"2015-08-12T17:34:01.631Z"}
{"level":"info","message":"MYSQL connection error fatal?: true","timestamp":"2015-08-12T17:34:01.632Z"}
{"level":"info","message":"MYSQL connection error: ECONNREFUSED","timestamp":"2015-08-12T17:34:03.385Z"}
{"level":"info","message":"MYSQL connection error fatal?: true","timestamp":"2015-08-12T17:34:03.386Z"}
{"level":"info","message":"MYSQL connection error: ETIMEDOUT","timestamp":"2015-08-12T17:34:04.110Z"}
{"level":"info","message":"MYSQL connection error fatal?: true","timestamp":"2015-08-12T17:34:04.110Z"}
{"level":"info","message":"MYSQL connection error: ECONNREFUSED","timestamp":"2015-08-12T17:51:00.956Z"}
{"level":"info","message":"MYSQL connection error fatal?: true","timestamp":"2015-08-12T17:51:00.960Z"}
{"level":"info","message":"MYSQL connection error: ECONNREFUSED","timestamp":"2015-08-12T17:51:03.044Z"}
{"level":"info","message":"MYSQL connection error fatal?: true","timestamp":"2015-08-12T17:51:03.045Z"}
{"level":"info","message":"MYSQL connection error: ECONNREFUSED","timestamp":"2015-08-12T17:51:04.184Z"}
{"level":"info","message":"MYSQL connection error fatal?: true","timestamp":"2015-08-12T17:51:04.184Z"}
{"level":"info","message":"MYSQL connection error: ETIMEDOUT","timestamp":"2015-08-12T17:51:11.415Z"}
{"level":"info","message":"MYSQL connection error fatal?: true","timestamp":"2015-08-12T17:51:11.415Z"}
{"level":"info","message":"MYSQL connection error: ETIMEDOUT","timestamp":"2015-08-12T17:51:32.273Z"}
{"level":"info","message":"MYSQL connection error fatal?: true","timestamp":"2015-08-12T17:51:32.277Z"}
{"level":"info","message":"MYSQL connection error: ETIMEDOUT","timestamp":"2015-08-12T17:51:33.110Z"}
{"level":"info","message":"MYSQL connection error fatal?: true","timestamp":"2015-08-12T17:51:33.111Z"}
{"level":"info","message":"MYSQL connection error: ETIMEDOUT","timestamp":"2015-08-12T17:51:51.024Z"}
{"level":"info","message":"MYSQL connection error fatal?: true","timestamp":"2015-08-12T17:51:51.025Z"}
{"level":"info","message":"MYSQL connection error: ETIMEDOUT","timestamp":"2015-08-12T17:52:22.986Z"}
{"level":"info","message":"MYSQL connection error fatal?: true","timestamp":"2015-08-12T17:52:22.990Z"}
{"level":"info","message":"MYSQL connection error: ETIMEDOUT","timestamp":"2015-08-12T17:52:35.326Z"}
{"level":"info","message":"MYSQL connection error fatal?: true","timestamp":"2015-08-12T17:52:35.326Z"}
{"level":"info","message":"MYSQL connection error: ECONNREFUSED","timestamp":"2015-08-12T17:53:32.893Z"}
{"level":"info","message":"MYSQL connection error fatal?: true","timestamp":"2015-08-12T17:53:32.898Z"}
{"level":"info","message":"MYSQL connection error: ECONNREFUSED","timestamp":"2015-08-12T17:53:40.503Z"}
{"level":"info","message":"MYSQL connection error fatal?: true","timestamp":"2015-08-12T17:53:40.504Z"}
{"level":"info","message":"MYSQL connection error: ECONNREFUSED","timestamp":"2015-08-12T18:08:42.947Z"}
{"level":"info","message":"MYSQL connection error fatal?: true","timestamp":"2015-08-12T18:08:42.950Z"}
{"level":"info","message":"MYSQL connection error: ETIMEDOUT","timestamp":"2015-08-12T18:09:24.405Z"}
{"level":"info","message":"MYSQL connection error fatal?: true","timestamp":"2015-08-12T18:09:24.409Z"}
{"level":"info","message":"MYSQL connection error: PROTOCOL_ENQUEUE_AFTER_FATAL_ERROR","timestamp":"2015-08-12T18:09:48.514Z"}
{"level":"info","message":"MYSQL connection error fatal?: false","timestamp":"2015-08-12T18:09:48.514Z"}
{"level":"info","message":"MYSQL connection error: PROTOCOL_ENQUEUE_AFTER_FATAL_ERROR","timestamp":"2015-08-12T18:09:49.805Z"}
{"level":"info","message":"MYSQL connection error fatal?: false","timestamp":"2015-08-12T18:09:49.806Z"}
{"level":"info","message":"MYSQL connection error: PROTOCOL_ENQUEUE_AFTER_FATAL_ERROR","timestamp":"2015-08-12T18:09:50.864Z"}
{"level":"info","message":"MYSQL connection error fatal?: false","timestamp":"2015-08-12T18:09:50.864Z"}
{"level":"info","message":"MYSQL connection error: PROTOCOL_ENQUEUE_HANDSHAKE_TWICE","timestamp":"2015-08-12T18:14:20.703Z"}
{"level":"info","message":"MYSQL connection error fatal?: false","timestamp":"2015-08-12T18:14:20.705Z"}
{"level":"info","message":"MYSQL connection error: ETIMEDOUT","timestamp":"2015-08-12T18:14:30.093Z"}
{"level":"info","message":"MYSQL connection error fatal?: true","timestamp":"2015-08-12T18:14:30.094Z"}
{"level":"info","message":"MYSQL connection error: PROTOCOL_ENQUEUE_AFTER_FATAL_ERROR","timestamp":"2015-08-12T18:14:36.754Z"}
{"level":"info","message":"MYSQL connection error fatal?: false","timestamp":"2015-08-12T18:14:36.754Z"}
{"level":"info","message":"MYSQL connection error: PROTOCOL_ENQUEUE_AFTER_FATAL_ERROR","timestamp":"2015-08-12T18:17:30.962Z"}
{"level":"info","message":"MYSQL connection error fatal?: false","timestamp":"2015-08-12T18:17:30.963Z"}
{"level":"info","message":"MYSQL connection error: PROTOCOL_ENQUEUE_AFTER_FATAL_ERROR","timestamp":"2015-08-12T18:17:32.650Z"}
{"level":"info","message":"MYSQL connection error fatal?: false","timestamp":"2015-08-12T18:17:32.650Z"}
{"level":"info","message":"MYSQL connection error: PROTOCOL_ENQUEUE_AFTER_FATAL_ERROR","timestamp":"2015-08-12T18:17:33.962Z"}
{"level":"info","message":"MYSQL connection error fatal?: false","timestamp":"2015-08-12T18:17:33.962Z"}
{"level":"info","message":"MYSQL connection error: PROTOCOL_ENQUEUE_AFTER_FATAL_ERROR","timestamp":"2015-08-12T18:17:35.172Z"}
{"level":"info","message":"MYSQL connection error fatal?: false","timestamp":"2015-08-12T18:17:35.172Z"}
{"level":"info","message":"MYSQL connection error: ECONNREFUSED","timestamp":"2015-08-12T18:20:57.581Z"}
{"level":"info","message":"MYSQL connection error fatal?: true","timestamp":"2015-08-12T18:20:57.585Z"}
{"level":"info","message":"MYSQL connection error: ETIMEDOUT","timestamp":"2015-08-12T18:25:53.780Z"}
{"level":"info","message":"MYSQL connection error fatal?: true","timestamp":"2015-08-12T18:25:53.781Z"}
{"level":"info","message":"MYSQL connection error: ECONNREFUSED","timestamp":"2015-08-13T19:52:19.908Z"}
{"level":"info","message":"MYSQL connection error fatal?: true","timestamp":"2015-08-13T19:52:19.911Z"}
{"level":"info","message":"MYSQL connection error: ECONNREFUSED","timestamp":"2015-08-13T19:52:33.611Z"}
{"level":"info","message":"MYSQL connection error fatal?: true","timestamp":"2015-08-13T19:52:33.612Z"}
{"level":"info","message":"MYSQL connection error: ETIMEDOUT","timestamp":"2015-08-13T19:52:35.922Z"}
{"level":"info","message":"MYSQL connection error fatal?: true","timestamp":"2015-08-13T19:52:35.923Z"}
{"level":"info","message":"MYSQL connection error: ETIMEDOUT","timestamp":"2015-08-13T19:52:38.141Z"}
{"level":"info","message":"MYSQL connection error fatal?: true","timestamp":"2015-08-13T19:52:38.141Z"}
{"level":"info","message":"SQL Error when inserting new event:  Error: connect ETIMEDOUT","timestamp":"2015-08-13T19:52:38.142Z"}
{"level":"info","message":"MYSQL connection error: ETIMEDOUT","timestamp":"2015-08-13T19:52:40.759Z"}
{"level":"info","message":"MYSQL connection error fatal?: true","timestamp":"2015-08-13T19:52:40.760Z"}
{"level":"info","message":"SQL Error when inserting new event:  Error: connect ETIMEDOUT","timestamp":"2015-08-13T19:52:40.760Z"}
{"level":"info","message":"MYSQL connection error: ECONNREFUSED","timestamp":"2015-08-13T20:02:24.818Z"}
{"level":"info","message":"MYSQL connection error fatal?: true","timestamp":"2015-08-13T20:02:24.821Z"}
{"level":"info","message":"MYSQL connection error: ECONNREFUSED","timestamp":"2015-08-13T20:02:27.289Z"}
{"level":"info","message":"MYSQL connection error fatal?: true","timestamp":"2015-08-13T20:02:27.290Z"}
{"level":"info","message":"MYSQL connection error: ETIMEDOUT","timestamp":"2015-08-13T20:02:38.800Z"}
{"level":"info","message":"MYSQL connection error fatal?: true","timestamp":"2015-08-13T20:02:38.800Z"}
{"level":"info","message":"SQL Error when inserting new event:  Error: connect ETIMEDOUT","timestamp":"2015-08-13T20:02:38.801Z"}
